<?xml version="1.0" encoding="UTF-8"?>
<!-- Generated by org.testng.reporters.JUnitXMLReporter -->
<testsuite ignored="3" hostname="DESKTOP-HPNOI30" failures="0" tests="2" name="GroupTest" time="0.134" errors="0" timestamp="2023-02-10T19:50:29 IST">
  <testcase classname="com.mbm.testng.GroupingExample" name="test3" time="0.017"/>
  <testcase classname="com.mbm.testng.GroupingExample" name="test4" time="0.003"/>
  <testcase classname="com.mbm.testng.GroupingExample" name="test2" time="0.0">
    <ignored/>
  </testcase> <!-- test2 -->
  <testcase classname="com.mbm.testng.GroupingExample" name="test1" time="0.0">
    <ignored/>
  </testcase> <!-- test1 -->
  <testcase classname="com.mbm.testng.GroupingExample" name="test5" time="0.0">
    <ignored/>
  </testcase> <!-- test5 -->
</testsuite> <!-- GroupTest -->
