<?xml version="1.0" encoding="UTF-8"?>
<!-- Generated by org.testng.reporters.JUnitXMLReporter -->
<testsuite ignored="0" hostname="DESKTOP-HPNOI30" failures="1" tests="3" name="Test" time="0.334" errors="0" timestamp="2023-02-12T12:54:33 IST">
  <testcase classname="com.mbm.listeners.ListenerTest" name="test1" time="0.063"/>
  <testcase classname="com.mbm.listeners.ListenerTest" name="test2" time="0.018">
    <failure type="java.lang.AssertionError" message="expected [B] but found [A]">
      <![CDATA[java.lang.AssertionError: expected [B] but found [A]
at com.mbm.listeners.ListenerTest.test2(ListenerTest.java:19)
at java.base/java.util.ArrayList.forEach(ArrayList.java:1511)
... Removed 33 stack frames]]>
    </failure>
  </testcase> <!-- test2 -->
  <testcase classname="com.mbm.listeners.ListenerTest" name="test3" time="0.043">
    <skipped/>
  </testcase> <!-- test3 -->
</testsuite> <!-- Test -->
