<?xml version="1.0" encoding="UTF-8"?>
<!-- Generated by org.testng.reporters.JUnitXMLReporter -->
<testsuite ignored="3" hostname="DESKTOP-HPNOI30" failures="0" tests="1" name="Test(failed)" time="0.109" errors="0" timestamp="2023-02-10T16:50:37 IST">
  <testcase classname="com.mbm.testng.SecondTestCase" name="searchCustomer" time="0.025"/>
  <testcase classname="com.mbm.testng.SecondTestCase" name="teardown" time="0.0">
    <ignored/>
  </testcase> <!-- teardown -->
  <testcase classname="com.mbm.testng.SecondTestCase" name="setup" time="0.0">
    <ignored/>
  </testcase> <!-- setup -->
  <testcase classname="com.mbm.testng.SecondTestCase" name="addCustomer" time="0.0">
    <ignored/>
  </testcase> <!-- addCustomer -->
</testsuite> <!-- Test(failed) -->
